<?xml version="1.0" encoding="UTF-8"?>
<!-- Generated by org.testng.reporters.JUnitXMLReporter -->
<testsuite ignored="17" hostname="CISM587" failures="0" tests="1" name="Default test" time="59.364" errors="0" timestamp="2022-05-19T13:14:52 IST">
  <testcase classname="com.esignlyNew.testcases.UserProfileTest" name="tc_mp_014_Address" time="27.544"/>
  <testcase classname="com.esignlyNew.testcases.UserProfileTest" name="tc_mp_008_vp_Timezone_dropdown" time="0.0">
    <ignored/>
  </testcase> <!-- tc_mp_008_vp_Timezone_dropdown -->
  <testcase classname="com.esignlyNew.testcases.UserProfileTest" name="tc_mp_011_vp_Using_eSignly_for" time="0.0">
    <ignored/>
  </testcase> <!-- tc_mp_011_vp_Using_eSignly_for -->
  <testcase classname="com.esignlyNew.testcases.UserProfileTest" name="tc_mp_019_Delete_Account" time="0.0">
    <ignored/>
  </testcase> <!-- tc_mp_019_Delete_Account -->
  <testcase classname="com.esignlyNew.testcases.UserProfileTest" name="tc_mp_004_vp_LastName" time="0.0">
    <ignored/>
  </testcase> <!-- tc_mp_004_vp_LastName -->
  <testcase classname="com.esignlyNew.testcases.UserProfileTest" name="tc_mp_017_Email_News_Letter" time="0.0">
    <ignored/>
  </testcase> <!-- tc_mp_017_Email_News_Letter -->
  <testcase classname="com.esignlyNew.testcases.UserProfileTest" name="tc_mp_013_vp_DateOfBirth" time="0.0">
    <ignored/>
  </testcase> <!-- tc_mp_013_vp_DateOfBirth -->
  <testcase classname="com.esignlyNew.testcases.UserProfileTest" name="tc_mp_006_vp_Date_Format_Signer" time="0.0">
    <ignored/>
  </testcase> <!-- tc_mp_006_vp_Date_Format_Signer -->
  <testcase classname="com.esignlyNew.testcases.UserProfileTest" name="tc_mp_003_vp_FirstName" time="0.0">
    <ignored/>
  </testcase> <!-- tc_mp_003_vp_FirstName -->
  <testcase classname="com.esignlyNew.testcases.UserProfileTest" name="tc_up_001_vp_Content" time="0.0">
    <ignored/>
  </testcase> <!-- tc_up_001_vp_Content -->
  <testcase classname="com.esignlyNew.testcases.UserProfileTest" name="tc_mp_005_vp_Gender" time="0.0">
    <ignored/>
  </testcase> <!-- tc_mp_005_vp_Gender -->
  <testcase classname="com.esignlyNew.testcases.UserProfileTest" name="tc_mp_016_Document_Setting" time="0.0">
    <ignored/>
  </testcase> <!-- tc_mp_016_Document_Setting -->
  <testcase classname="com.esignlyNew.testcases.UserProfileTest" name="tc_mp_012_vp_Industry" time="0.0">
    <ignored/>
  </testcase> <!-- tc_mp_012_vp_Industry -->
  <testcase classname="com.esignlyNew.testcases.UserProfileTest" name="tc_mp_018_Weekly_Account_Statistics" time="0.0">
    <ignored/>
  </testcase> <!-- tc_mp_018_Weekly_Account_Statistics -->
  <testcase classname="com.esignlyNew.testcases.UserProfileTest" name="tc_up_002_vp_Email_Id" time="0.0">
    <ignored/>
  </testcase> <!-- tc_up_002_vp_Email_Id -->
  <testcase classname="com.esignlyNew.testcases.UserProfileTest" name="tc_mp_010_vp_Company" time="0.0">
    <ignored/>
  </testcase> <!-- tc_mp_010_vp_Company -->
  <testcase classname="com.esignlyNew.testcases.UserProfileTest" name="tc_mp_007_vp_Phone" time="0.0">
    <ignored/>
  </testcase> <!-- tc_mp_007_vp_Phone -->
  <testcase classname="com.esignlyNew.testcases.UserProfileTest" name="tc_mp_015_Audit_Report" time="0.0">
    <ignored/>
  </testcase> <!-- tc_mp_015_Audit_Report -->
</testsuite> <!-- Default test -->
