<?xml version="1.0" encoding="UTF-8"?>
<testng-results ignored="17" total="18" passed="1" failed="0" skipped="0">
  <reporter-output>
  </reporter-output>
  <suite started-at="2022-05-19T13:13:53 IST" name="Default suite" finished-at="2022-05-19T13:14:52 IST" duration-ms="59364">
    <groups>
    </groups>
    <test started-at="2022-05-19T13:13:53 IST" name="Default test" finished-at="2022-05-19T13:14:52 IST" duration-ms="59364">
      <class name="com.esignlyNew.testcases.UserProfileTest">
        <test-method is-config="true" signature="beforeMethod(java.lang.reflect.Method)[pri:0, instance:com.esignlyNew.testcases.UserProfileTest@2767e23c]" started-at="2022-05-19T13:13:53 IST" name="beforeMethod" finished-at="2022-05-19T13:14:24 IST" duration-ms="31421" status="PASS">
          <params>
            <param index="0">
              <value>
                <![CDATA[public void com.esignlyNew.testcases.UserProfileTest.tc_mp_014_Address()]]>
              </value>
            </param>
          </params>
          <reporter-output>
          </reporter-output>
        </test-method> <!-- beforeMethod -->
        <test-method signature="tc_mp_014_Address()[pri:14, instance:com.esignlyNew.testcases.UserProfileTest@2767e23c]" started-at="2022-05-19T13:14:24 IST" name="tc_mp_014_Address" finished-at="2022-05-19T13:14:52 IST" duration-ms="27544" status="PASS">
          <reporter-output>
          </reporter-output>
        </test-method> <!-- tc_mp_014_Address -->
        <test-method is-config="true" signature="afterMethod()[pri:0, instance:com.esignlyNew.testcases.UserProfileTest@2767e23c]" started-at="2022-05-19T13:14:52 IST" name="afterMethod" finished-at="2022-05-19T13:14:52 IST" duration-ms="356" status="PASS">
          <reporter-output>
          </reporter-output>
        </test-method> <!-- afterMethod -->
        <test-method is-config="true" signature="afterTestSuite()[pri:0, instance:com.esignlyNew.testcases.UserProfileTest@2767e23c]" started-at="2022-05-19T13:14:52 IST" name="afterTestSuite" finished-at="2022-05-19T13:14:52 IST" duration-ms="1" status="PASS">
          <reporter-output>
          </reporter-output>
        </test-method> <!-- afterTestSuite -->
      </class> <!-- com.esignlyNew.testcases.UserProfileTest -->
    </test> <!-- Default test -->
  </suite> <!-- Default suite -->
</testng-results>
