<?xml version="1.0" encoding="UTF-8"?>
<testng-results ignored="0" total="7" passed="6" failed="1" skipped="0">
  <reporter-output>
  </reporter-output>
  <suite started-at="2022-06-30T13:41:36 IST" name="Default suite" finished-at="2022-06-30T13:43:08 IST" duration-ms="92050">
    <groups>
    </groups>
    <test started-at="2022-06-30T13:41:36 IST" name="Default test" finished-at="2022-06-30T13:43:08 IST" duration-ms="92050">
      <class name="com.esignlyNew.testcases.LoginTest">
        <test-method is-config="true" signature="beforeSuite()[pri:0, instance:com.esignlyNew.testcases.LoginTest@6c4906d3]" started-at="2022-06-30T13:41:04 IST" name="beforeSuite" finished-at="2022-06-30T13:41:36 IST" duration-ms="32716" status="PASS">
          <reporter-output>
          </reporter-output>
        </test-method> <!-- beforeSuite -->
        <test-method is-config="true" signature="startTest()[pri:0, instance:com.esignlyNew.testcases.LoginTest@6c4906d3]" started-at="2022-06-30T13:41:36 IST" name="startTest" finished-at="2022-06-30T13:41:36 IST" duration-ms="147" status="PASS">
          <reporter-output>
          </reporter-output>
        </test-method> <!-- startTest -->
        <test-method signature="tc_001_withoutAnyInput()[pri:1, instance:com.esignlyNew.testcases.LoginTest@6c4906d3]" started-at="2022-06-30T13:41:36 IST" name="tc_001_withoutAnyInput" finished-at="2022-06-30T13:41:37 IST" duration-ms="216" status="PASS">
          <reporter-output>
          </reporter-output>
        </test-method> <!-- tc_001_withoutAnyInput -->
        <test-method signature="tc_002_validUserWithOnlyEmail()[pri:2, instance:com.esignlyNew.testcases.LoginTest@6c4906d3]" started-at="2022-06-30T13:41:37 IST" name="tc_002_validUserWithOnlyEmail" finished-at="2022-06-30T13:41:37 IST" duration-ms="286" status="PASS">
          <reporter-output>
          </reporter-output>
        </test-method> <!-- tc_002_validUserWithOnlyEmail -->
        <test-method signature="tc_003_validUserWithOnlyPassword()[pri:3, instance:com.esignlyNew.testcases.LoginTest@6c4906d3]" started-at="2022-06-30T13:41:37 IST" name="tc_003_validUserWithOnlyPassword" finished-at="2022-06-30T13:41:49 IST" duration-ms="12342" status="PASS">
          <reporter-output>
          </reporter-output>
        </test-method> <!-- tc_003_validUserWithOnlyPassword -->
        <test-method signature="tc_004_invalids()[pri:4, instance:com.esignlyNew.testcases.LoginTest@6c4906d3]" started-at="2022-06-30T13:41:49 IST" name="tc_004_invalids" finished-at="2022-06-30T13:42:02 IST" duration-ms="12195" status="PASS">
          <reporter-output>
          </reporter-output>
        </test-method> <!-- tc_004_invalids -->
        <test-method signature="tc_006_checkBox_click_to_Remember_Me()[pri:5, instance:com.esignlyNew.testcases.LoginTest@6c4906d3]" started-at="2022-06-30T13:42:02 IST" name="tc_006_checkBox_click_to_Remember_Me" finished-at="2022-06-30T13:42:24 IST" duration-ms="22406" status="PASS">
          <reporter-output>
          </reporter-output>
        </test-method> <!-- tc_006_checkBox_click_to_Remember_Me -->
        <test-method signature="tc_007_uncheckBox_click_to_Remove_from_Remember()[pri:6, instance:com.esignlyNew.testcases.LoginTest@6c4906d3]" started-at="2022-06-30T13:42:24 IST" name="tc_007_uncheckBox_click_to_Remove_from_Remember" finished-at="2022-06-30T13:42:46 IST" duration-ms="21898" status="FAIL">
          <exception class="org.openqa.selenium.NoSuchElementException">
            <message>
              <![CDATA[no such element: Unable to locate element: {"method":"xpath","selector":"/html[1]/body[1]/div[1]/div[1]/div[2]/div[3]/button[1]"}
  (Session info: chrome=102.0.5005.115)
For documentation on this error, please visit: https://selenium.dev/exceptions/#no_such_element
Build info: version: '4.1.4', revision: '535d840ee2'
System info: host: 'CISM587', ip: '192.168.3.78', os.name: 'Windows 10', os.arch: 'amd64', os.version: '10.0', java.version: '17.0.1'
Driver info: org.openqa.selenium.chrome.ChromeDriver
Command: [f57f3c20b9a438a852ce96c3eb58f9da, findElement {using=xpath, value=/html[1]/body[1]/div[1]/div[1]/div[2]/div[3]/button[1]}]
Capabilities {acceptInsecureCerts: false, browserName: chrome, browserVersion: 102.0.5005.115, chrome: {chromedriverVersion: 102.0.5005.61 (0e59bcc00cc4..., userDataDir: C:\Users\ANAMEN~1.Y(2\AppDa...}, goog:chromeOptions: {debuggerAddress: localhost:61621}, javascriptEnabled: true, networkConnectionEnabled: false, pageLoadStrategy: normal, platform: WINDOWS, platformName: WINDOWS, proxy: Proxy(), se:cdp: ws://localhost:61621/devtoo..., se:cdpVersion: 102.0.5005.115, setWindowRect: true, strictFileInteractability: false, timeouts: {implicit: 0, pageLoad: 300000, script: 30000}, unhandledPromptBehavior: dismiss and notify, webauthn:extension:credBlob: true, webauthn:extension:largeBlob: true, webauthn:virtualAuthenticators: true}
Session ID: f57f3c20b9a438a852ce96c3eb58f9da]]>
            </message>
            <full-stacktrace>
              <![CDATA[org.openqa.selenium.NoSuchElementException: no such element: Unable to locate element: {"method":"xpath","selector":"/html[1]/body[1]/div[1]/div[1]/div[2]/div[3]/button[1]"}
  (Session info: chrome=102.0.5005.115)
For documentation on this error, please visit: https://selenium.dev/exceptions/#no_such_element
Build info: version: '4.1.4', revision: '535d840ee2'
System info: host: 'CISM587', ip: '192.168.3.78', os.name: 'Windows 10', os.arch: 'amd64', os.version: '10.0', java.version: '17.0.1'
Driver info: org.openqa.selenium.chrome.ChromeDriver
Command: [f57f3c20b9a438a852ce96c3eb58f9da, findElement {using=xpath, value=/html[1]/body[1]/div[1]/div[1]/div[2]/div[3]/button[1]}]
Capabilities {acceptInsecureCerts: false, browserName: chrome, browserVersion: 102.0.5005.115, chrome: {chromedriverVersion: 102.0.5005.61 (0e59bcc00cc4..., userDataDir: C:\Users\ANAMEN~1.Y(2\AppDa...}, goog:chromeOptions: {debuggerAddress: localhost:61621}, javascriptEnabled: true, networkConnectionEnabled: false, pageLoadStrategy: normal, platform: WINDOWS, platformName: WINDOWS, proxy: Proxy(), se:cdp: ws://localhost:61621/devtoo..., se:cdpVersion: 102.0.5005.115, setWindowRect: true, strictFileInteractability: false, timeouts: {implicit: 0, pageLoad: 300000, script: 30000}, unhandledPromptBehavior: dismiss and notify, webauthn:extension:credBlob: true, webauthn:extension:largeBlob: true, webauthn:virtualAuthenticators: true}
Session ID: f57f3c20b9a438a852ce96c3eb58f9da
at java.base/jdk.internal.reflect.NativeConstructorAccessorImpl.newInstance0(Native Method)
at java.base/jdk.internal.reflect.NativeConstructorAccessorImpl.newInstance(NativeConstructorAccessorImpl.java:77)
at java.base/jdk.internal.reflect.DelegatingConstructorAccessorImpl.newInstance(DelegatingConstructorAccessorImpl.java:45)
at java.base/java.lang.reflect.Constructor.newInstanceWithCaller(Constructor.java:499)
at java.base/java.lang.reflect.Constructor.newInstance(Constructor.java:480)
at org.openqa.selenium.remote.codec.w3c.W3CHttpResponseCodec.createException(W3CHttpResponseCodec.java:200)
at org.openqa.selenium.remote.codec.w3c.W3CHttpResponseCodec.decode(W3CHttpResponseCodec.java:133)
at org.openqa.selenium.remote.codec.w3c.W3CHttpResponseCodec.decode(W3CHttpResponseCodec.java:53)
at org.openqa.selenium.remote.HttpCommandExecutor.execute(HttpCommandExecutor.java:184)
at org.openqa.selenium.remote.service.DriverCommandExecutor.invokeExecute(DriverCommandExecutor.java:167)
at org.openqa.selenium.remote.service.DriverCommandExecutor.execute(DriverCommandExecutor.java:142)
at org.openqa.selenium.remote.RemoteWebDriver.execute(RemoteWebDriver.java:567)
at org.openqa.selenium.remote.ElementLocation$ElementFinder$2.findElement(ElementLocation.java:162)
at org.openqa.selenium.remote.ElementLocation.findElement(ElementLocation.java:60)
at org.openqa.selenium.remote.RemoteWebDriver.findElement(RemoteWebDriver.java:385)
at org.openqa.selenium.remote.RemoteWebDriver.findElement(RemoteWebDriver.java:377)
at org.openqa.selenium.support.pagefactory.DefaultElementLocator.findElement(DefaultElementLocator.java:70)
at org.openqa.selenium.support.pagefactory.internal.LocatingElementHandler.invoke(LocatingElementHandler.java:39)
at jdk.proxy2/jdk.proxy2.$Proxy12.click(Unknown Source)
at com.esignlyNew.pages.LoginPage.removeFromRememberMe(LoginPage.java:160)
at com.esignlyNew.testcases.LoginTest.tc_007_uncheckBox_click_to_Remove_from_Remember(LoginTest.java:99)
at java.base/jdk.internal.reflect.NativeMethodAccessorImpl.invoke0(Native Method)
at java.base/jdk.internal.reflect.NativeMethodAccessorImpl.invoke(NativeMethodAccessorImpl.java:77)
at java.base/jdk.internal.reflect.DelegatingMethodAccessorImpl.invoke(DelegatingMethodAccessorImpl.java:43)
at java.base/java.lang.reflect.Method.invoke(Method.java:568)
at org.testng.internal.MethodInvocationHelper.invokeMethod(MethodInvocationHelper.java:133)
at org.testng.internal.TestInvoker.invokeMethod(TestInvoker.java:598)
at org.testng.internal.TestInvoker.invokeTestMethod(TestInvoker.java:173)
at org.testng.internal.MethodRunner.runInSequence(MethodRunner.java:46)
at org.testng.internal.TestInvoker$MethodInvocationAgent.invoke(TestInvoker.java:824)
at org.testng.internal.TestInvoker.invokeTestMethods(TestInvoker.java:146)
at org.testng.internal.TestMethodWorker.invokeTestMethods(TestMethodWorker.java:146)
at org.testng.internal.TestMethodWorker.run(TestMethodWorker.java:128)
at java.base/java.util.ArrayList.forEach(ArrayList.java:1511)
at org.testng.TestRunner.privateRun(TestRunner.java:794)
at org.testng.TestRunner.run(TestRunner.java:596)
at org.testng.SuiteRunner.runTest(SuiteRunner.java:377)
at org.testng.SuiteRunner.runSequentially(SuiteRunner.java:371)
at org.testng.SuiteRunner.privateRun(SuiteRunner.java:332)
at org.testng.SuiteRunner.run(SuiteRunner.java:276)
at org.testng.SuiteRunnerWorker.runSuite(SuiteRunnerWorker.java:53)
at org.testng.SuiteRunnerWorker.run(SuiteRunnerWorker.java:96)
at org.testng.TestNG.runSuitesSequentially(TestNG.java:1212)
at org.testng.TestNG.runSuitesLocally(TestNG.java:1134)
at org.testng.TestNG.runSuites(TestNG.java:1063)
at org.testng.TestNG.run(TestNG.java:1031)
at org.testng.remote.AbstractRemoteTestNG.run(AbstractRemoteTestNG.java:115)
at org.testng.remote.RemoteTestNG.initAndRun(RemoteTestNG.java:251)
at org.testng.remote.RemoteTestNG.main(RemoteTestNG.java:77)
]]>
            </full-stacktrace>
          </exception> <!-- org.openqa.selenium.NoSuchElementException -->
          <reporter-output>
          </reporter-output>
        </test-method> <!-- tc_007_uncheckBox_click_to_Remove_from_Remember -->
        <test-method signature="tc_005_valids()[pri:7, instance:com.esignlyNew.testcases.LoginTest@6c4906d3]" started-at="2022-06-30T13:42:46 IST" name="tc_005_valids" finished-at="2022-06-30T13:43:08 IST" duration-ms="22469" status="PASS">
          <reporter-output>
          </reporter-output>
        </test-method> <!-- tc_005_valids -->
        <test-method is-config="true" signature="afterMethod()[pri:0, instance:com.esignlyNew.testcases.LoginTest@6c4906d3]" started-at="2022-06-30T13:43:08 IST" name="afterMethod" finished-at="2022-06-30T13:43:09 IST" duration-ms="432" status="PASS">
          <reporter-output>
          </reporter-output>
        </test-method> <!-- afterMethod -->
        <test-method is-config="true" signature="afterTestSuite()[pri:0, instance:com.esignlyNew.testcases.LoginTest@6c4906d3]" started-at="2022-06-30T13:43:09 IST" name="afterTestSuite" finished-at="2022-06-30T13:43:09 IST" duration-ms="1" status="PASS">
          <reporter-output>
          </reporter-output>
        </test-method> <!-- afterTestSuite -->
      </class> <!-- com.esignlyNew.testcases.LoginTest -->
    </test> <!-- Default test -->
  </suite> <!-- Default suite -->
</testng-results>
